<?xml version="1.0" encoding="UTF-8"?>
<!-- Generated by org.testng.reporters.JUnitReportReporter -->
<testsuite hostname="SwechaAntara" failures="0" tests="5" name="com.crm.qa.testcases.HomePageTest" time="107.386" errors="0" timestamp="2022-10-12T13:14:17 JST" skipped="0">
  <testcase classname="com.crm.qa.testcases.HomePageTest" name="ValidateHomePageTitleTest" time="18.586"/>
  <system-out/>
  <testcase classname="com.crm.qa.testcases.HomePageTest" name="ValidateLoggedInUserNameTest" time="17.984"/>
  <system-out/>
  <testcase classname="com.crm.qa.testcases.HomePageTest" name="VerifyCalendarpageClick" time="24.064"/>
  <system-out/>
  <testcase classname="com.crm.qa.testcases.HomePageTest" name="VerifyContactsPage" time="23.355"/>
  <system-out/>
  <testcase classname="com.crm.qa.testcases.HomePageTest" name="VerifyDealsIconClick" time="23.397"/>
  <system-out/>
</testsuite> <!-- com.crm.qa.testcases.HomePageTest -->
