<?xml version="1.0" encoding="UTF-8"?>
<!-- Generated by org.testng.reporters.JUnitReportReporter -->
<testsuite hostname="SwechaAntara" failures="0" tests="3" name="com.crm.qa.testdata.ContactsPageTest" time="42.947" errors="0" timestamp="2022-08-09T11:49:45 JST" skipped="0">
  <testcase classname="com.crm.qa.testdata.ContactsPageTest" name="VerifyContactsLabelTest" time="13.947"/>
  <system-out/>
  <testcase classname="com.crm.qa.testdata.ContactsPageTest" name="VerifyCheckboxClickTest" time="13.941"/>
  <system-out/>
  <testcase classname="com.crm.qa.testdata.ContactsPageTest" name="VerifyMultipleCheckboxClickTest" time="15.059"/>
  <system-out/>
</testsuite> <!-- com.crm.qa.testdata.ContactsPageTest -->
