<?xml version="1.0" encoding="UTF-8"?>
<!-- Generated by org.testng.reporters.JUnitReportReporter -->
<testsuite hostname="SwechaAntara" failures="0" tests="3" name="com.crm.qa.testdata.LoginPageTest" time="20.776" errors="0" timestamp="2022-08-09T11:49:45 JST" skipped="0">
  <testcase classname="com.crm.qa.testdata.LoginPageTest" name="LoginPageTitletest" time="6.169"/>
  <system-out/>
  <testcase classname="com.crm.qa.testdata.LoginPageTest" name="CRMLogoImageTest" time="3.606"/>
  <system-out/>
  <testcase classname="com.crm.qa.testdata.LoginPageTest" name="LoginTest" time="11.001"/>
  <system-out/>
</testsuite> <!-- com.crm.qa.testdata.LoginPageTest -->
