<?xml version="1.0" encoding="UTF-8"?>
<!-- Generated by org.testng.reporters.JUnitReportReporter -->
<testsuite hostname="SwechaAntara" failures="0" tests="7" name="com.crm.qa.testcases.ContactsPageTest" time="161.877" errors="0" timestamp="2022-10-12T13:14:17 JST" skipped="0">
  <testcase classname="com.crm.qa.testcases.ContactsPageTest" name="VerifyContactsLabelTest" time="14.516"/>
  <system-out/>
  <testcase classname="com.crm.qa.testcases.ContactsPageTest" name="VerifyCheckboxClickTest" time="29.712"/>
  <system-out/>
  <testcase classname="com.crm.qa.testcases.ContactsPageTest" name="VerifyMultipleCheckboxClickTest" time="16.850"/>
  <system-out/>
  <testcase classname="com.crm.qa.testcases.ContactsPageTest" name="ValidateCreateNewContact" time="34.278"/>
  <system-out/>
  <testcase classname="com.crm.qa.testcases.ContactsPageTest" name="ValidateCreateNewContact" time="24.410"/>
  <system-out/>
  <testcase classname="com.crm.qa.testcases.ContactsPageTest" name="ValidateCreateNewContact" time="22.965"/>
  <system-out/>
  <testcase classname="com.crm.qa.testcases.ContactsPageTest" name="ValidateCreateNewContact" time="19.146"/>
  <system-out/>
</testsuite> <!-- com.crm.qa.testcases.ContactsPageTest -->
