<?xml version="1.0" encoding="UTF-8"?>
<!-- Generated by org.testng.reporters.JUnitReportReporter -->
<testsuite hostname="SwechaAntara" failures="0" tests="5" name="com.crm.qa.testdata.HomePageTest" time="67.937" errors="0" timestamp="2022-08-09T11:49:45 JST" skipped="0">
  <testcase classname="com.crm.qa.testdata.HomePageTest" name="ValidateHomePageTitleTest" time="12.826"/>
  <system-out/>
  <testcase classname="com.crm.qa.testdata.HomePageTest" name="ValidateLoggedInUserNameTest" time="14.426"/>
  <system-out/>
  <testcase classname="com.crm.qa.testdata.HomePageTest" name="VerifyCalendarIconClick" time="13.346"/>
  <system-out/>
  <testcase classname="com.crm.qa.testdata.HomePageTest" name="VerifyContactsPage" time="13.057"/>
  <system-out/>
  <testcase classname="com.crm.qa.testdata.HomePageTest" name="VerifyDealsIconClick" time="14.282"/>
  <system-out/>
</testsuite> <!-- com.crm.qa.testdata.HomePageTest -->
