<?xml version="1.0" encoding="UTF-8"?>
<!-- Generated by org.testng.reporters.JUnitReportReporter -->
<testsuite hostname="SwechaAntara" failures="0" tests="3" name="com.crm.qa.testcases.LoginPageTest" time="85.558" errors="0" timestamp="2022-10-12T13:14:17 JST" skipped="0">
  <testcase classname="com.crm.qa.testcases.LoginPageTest" name="LoginPageTitletest" time="10.169"/>
  <system-out/>
  <testcase classname="com.crm.qa.testcases.LoginPageTest" name="CRMLogoImageTest" time="13.561"/>
  <system-out/>
  <testcase classname="com.crm.qa.testcases.LoginPageTest" name="LoginTest" time="61.828"/>
  <system-out/>
</testsuite> <!-- com.crm.qa.testcases.LoginPageTest -->
