<?xml version="1.0" encoding="UTF-8"?>
<!-- Generated by org.testng.reporters.JUnitReportReporter -->
<testsuite hostname="SwechaAntara" failures="0" tests="3" name="com.crm.qa.testcases.LoginPageTest" time="19.855" errors="0" timestamp="2022-10-13T12:37:01 JST" skipped="0">
  <testcase classname="com.crm.qa.testcases.LoginPageTest" name="LoginPageTitletest" time="4.554"/>
  <system-out/>
  <testcase classname="com.crm.qa.testcases.LoginPageTest" name="CRMLogoImageTest" time="3.793"/>
  <system-out/>
  <testcase classname="com.crm.qa.testcases.LoginPageTest" name="LoginTest" time="11.508"/>
  <system-out/>
</testsuite> <!-- com.crm.qa.testcases.LoginPageTest -->
