<?xml version="1.0" encoding="UTF-8"?>
<!-- Generated by org.testng.reporters.JUnitReportReporter -->
<testsuite hostname="SwechaAntara" failures="0" tests="7" name="com.crm.qa.testcases.ContactsPageTest" time="95.680" errors="0" timestamp="2022-10-13T12:37:01 JST" skipped="0">
  <testcase classname="com.crm.qa.testcases.ContactsPageTest" name="VerifyContactsLabelTest" time="12.017"/>
  <system-out/>
  <testcase classname="com.crm.qa.testcases.ContactsPageTest" name="VerifyCheckboxClickTest" time="12.242"/>
  <system-out/>
  <testcase classname="com.crm.qa.testcases.ContactsPageTest" name="VerifyMultipleCheckboxClickTest" time="12.419"/>
  <system-out/>
  <testcase classname="com.crm.qa.testcases.ContactsPageTest" name="ValidateCreateNewContact" time="14.537"/>
  <system-out/>
  <testcase classname="com.crm.qa.testcases.ContactsPageTest" name="ValidateCreateNewContact" time="14.773"/>
  <system-out/>
  <testcase classname="com.crm.qa.testcases.ContactsPageTest" name="ValidateCreateNewContact" time="14.963"/>
  <system-out/>
  <testcase classname="com.crm.qa.testcases.ContactsPageTest" name="ValidateCreateNewContact" time="14.729"/>
  <system-out/>
</testsuite> <!-- com.crm.qa.testcases.ContactsPageTest -->
