<?xml version="1.0" encoding="UTF-8"?>
<!-- Generated by org.testng.reporters.JUnitReportReporter -->
<testsuite hostname="SwechaAntara" failures="0" tests="5" name="com.crm.qa.testcases.HomePageTest" time="67.023" errors="0" timestamp="2022-10-13T12:37:01 JST" skipped="0">
  <testcase classname="com.crm.qa.testcases.HomePageTest" name="ValidateHomePageTitleTest" time="11.939"/>
  <system-out/>
  <testcase classname="com.crm.qa.testcases.HomePageTest" name="ValidateLoggedInUserNameTest" time="11.692"/>
  <system-out/>
  <testcase classname="com.crm.qa.testcases.HomePageTest" name="VerifyCalendarpageClick" time="14.500"/>
  <system-out/>
  <testcase classname="com.crm.qa.testcases.HomePageTest" name="VerifyContactsPage" time="14.313"/>
  <system-out/>
  <testcase classname="com.crm.qa.testcases.HomePageTest" name="VerifyDealsIconClick" time="14.579"/>
  <system-out/>
</testsuite> <!-- com.crm.qa.testcases.HomePageTest -->
